<?xml version="1.0" encoding="UTF-8"?>
<testng-results ignored="0" total="1" passed="1" failed="0" skipped="0">
  <reporter-output>
  </reporter-output>
  <suite started-at="2024-04-17T09:39:17 IST" name="Default suite" finished-at="2024-04-17T09:39:35 IST" duration-ms="18196">
    <groups>
    </groups>
    <test started-at="2024-04-17T09:39:17 IST" name="Default test" finished-at="2024-04-17T09:39:35 IST" duration-ms="18196">
      <class name="testPack.TC02_VerifyTextBoxFunctionality">
        <test-method is-config="true" signature="preMethod()[pri:0, instance:testPack.TC02_VerifyTextBoxFunctionality@173ed316]" started-at="2024-04-17T09:39:17 IST" name="preMethod" finished-at="2024-04-17T09:39:28 IST" duration-ms="10333" status="PASS">
          <reporter-output>
          </reporter-output>
        </test-method> <!-- preMethod -->
        <test-method signature="VerifyTextBoxFunctionality()[pri:0, instance:testPack.TC02_VerifyTextBoxFunctionality@173ed316]" started-at="2024-04-17T09:39:28 IST" name="VerifyTextBoxFunctionality" finished-at="2024-04-17T09:39:35 IST" duration-ms="7640" status="PASS">
          <reporter-output>
          </reporter-output>
        </test-method> <!-- VerifyTextBoxFunctionality -->
        <test-method is-config="true" signature="tearDown()[pri:0, instance:testPack.TC02_VerifyTextBoxFunctionality@173ed316]" started-at="2024-04-17T09:39:35 IST" name="tearDown" finished-at="2024-04-17T09:39:35 IST" duration-ms="189" status="PASS">
          <reporter-output>
          </reporter-output>
        </test-method> <!-- tearDown -->
      </class> <!-- testPack.TC02_VerifyTextBoxFunctionality -->
    </test> <!-- Default test -->
  </suite> <!-- Default suite -->
</testng-results>
