<?xml version="1.0" encoding="UTF-8"?>
<testng-results ignored="0" total="1" passed="1" failed="0" skipped="0">
  <reporter-output>
  </reporter-output>
  <suite started-at="2024-04-24T19:54:19 IST" name="Default suite" finished-at="2024-04-24T19:54:36 IST" duration-ms="16427">
    <groups>
    </groups>
    <test started-at="2024-04-24T19:54:19 IST" name="Default test" finished-at="2024-04-24T19:54:36 IST" duration-ms="16427">
      <class name="testPack.TC03_VerifyCheckBoxFunctionality">
        <test-method is-config="true" signature="preMethod()[pri:0, instance:testPack.TC03_VerifyCheckBoxFunctionality@173ed316]" started-at="2024-04-24T19:54:19 IST" name="preMethod" finished-at="2024-04-24T19:54:30 IST" duration-ms="10507" status="PASS">
          <reporter-output>
          </reporter-output>
        </test-method> <!-- preMethod -->
        <test-method signature="verifyCheckBoxFunctionality()[pri:0, instance:testPack.TC03_VerifyCheckBoxFunctionality@173ed316]" started-at="2024-04-24T19:54:30 IST" name="verifyCheckBoxFunctionality" finished-at="2024-04-24T19:54:34 IST" duration-ms="3924" status="PASS">
          <reporter-output>
          </reporter-output>
        </test-method> <!-- verifyCheckBoxFunctionality -->
        <test-method is-config="true" signature="tearDown()[pri:0, instance:testPack.TC03_VerifyCheckBoxFunctionality@173ed316]" started-at="2024-04-24T19:54:34 IST" name="tearDown" finished-at="2024-04-24T19:54:36 IST" duration-ms="1942" status="PASS">
          <reporter-output>
          </reporter-output>
        </test-method> <!-- tearDown -->
      </class> <!-- testPack.TC03_VerifyCheckBoxFunctionality -->
    </test> <!-- Default test -->
  </suite> <!-- Default suite -->
</testng-results>
